<?xml version="1.0" encoding="UTF-8" ?>
<testsuite name="com.dummiesmind.json.JSONProducerTest" skipped="0" tests="4" errors="0" time="0.328" failures="0">
  <properties>
[...]
</properties>
  <testcase classname="com.dummiesmind.json.JSONProducerTest" name="createsJSONObjectForProperty_ReturnsJSONObject" time="0.234"/>
  <testcase classname="com.dummiesmind.json.JSONProducerTest" name="createsJSONObjectForProperty_GivenTask_ReturnsJSONObject_WithPropertyNameAsKeyAndPropertyValueAsValue" time="0"/>
  <testcase classname="com.dummiesmind.json.JSONProducerTest" name="createsListOfJSONArrayReturns_MultipleValuesMappedInArray_ForMultipleObjects" time="0.063"/>
  <testcase classname="com.dummiesmind.json.JSONProducerTest" name="createsJSONObjectForProperty_GivenNote_ReturnsJSONObject_WithDeepRelation_usingOGNL" time="0"/>
</testsuite>